<!DOCTYPE html PUBLIC "-//W3C//DTD XHTML 1.1//EN" "https://www.w3.org/TR/xhtml11/DTD/xhtml11.dtd">
<html xmlns="https://www.w3.org/1999/xhtml">
<head>
<meta http-equiv="content-type" content="text/html; charset=UTF-8"/>
<title>TestNG Report</title>
<style type="text/css">table {margin-bottom:10px;border-collapse:collapse;empty-cells:show}th,td {border:1px solid #009;padding:.25em .5em}th {vertical-align:bottom}td {vertical-align:top}table a {font-weight:bold}.stripe td {background-color: #E6EBF9}.num {text-align:right}.passedodd td {background-color: #3F3}.passedeven td {background-color: #0A0}.skippedodd td {background-color: #DDD}.skippedeven td {background-color: #CCC}.failedodd td,.attn {background-color: #F33}.failedeven td,.stripe .attn {background-color: #D00}.stacktrace {white-space:pre;font-family:monospace}.totop {font-size:85%;text-align:center;border-bottom:2px solid #000}.invisible {display:none}</style>
</head>
<body>
<table>
<tr><th>Test</th><th># Passed</th><th># Skipped</th><th># Retried</th><th># Failed</th><th>Time (ms)</th><th>Included Groups</th><th>Excluded Groups</th></tr>
<tr><th colspan="8">Suite</th></tr>
<tr><td><a href="#t0">tests</a></td><td class="num">4</td><td class="num attn">1</td><td class="num attn">5</td><td class="num attn">1</td><td class="num">53,611</td><td></td><td></td></tr>
</table>
<table id='summary'><thead><tr><th>Class</th><th>Method</th><th>Start</th><th>Time (ms)</th></tr></thead><tbody><tr><th colspan="4">Suite</th></tr></tbody><tbody id="t0"><tr><th colspan="4">tests &#8212; failed</th></tr><tr class="failedeven"><td rowspan="1">tests.testPagesDemo2</td><td><a href="#m0">testRegisterWithValidUsers</a></td><td rowspan="1">1704450226078</td><td rowspan="1">0</td></tr><tr><th colspan="4">tests &#8212; skipped</th></tr><tr class="skippedeven"><td rowspan="1">tests.testPagesDemo2</td><td><a href="#m1">testLoginWithValidUsers</a></td><td rowspan="1">1704450226084</td><td rowspan="1">2</td></tr><tr><th colspan="4">tests &#8212; retried</th></tr><tr class="retriedeven"><td rowspan="5">tests.testPagesDemo2</td><td><a href="#m2">testRegisterWithValidUsers</a></td><td rowspan="5">1704450226076</td><td rowspan="5">0</td></tr><tr class="retriedeven"><td><a href="#m3">testRegisterWithValidUsers</a></td></tr><tr class="retriedeven"><td><a href="#m4">testRegisterWithValidUsers</a></td></tr><tr class="retriedeven"><td><a href="#m5">testRegisterWithValidUsers</a></td></tr><tr class="retriedeven"><td><a href="#m6">testRegisterWithValidUsers</a></td></tr><tr><th colspan="4">tests &#8212; passed</th></tr><tr class="passedeven"><td rowspan="2">tests.ScrollDemo</td><td><a href="#m7">navigateTest</a></td><td rowspan="1">1704450172905</td><td rowspan="1">18632</td></tr><tr class="passedeven"><td><a href="#m8">scrollDemo</a></td><td rowspan="1">1704450191544</td><td rowspan="1">23644</td></tr><tr class="passedodd"><td rowspan="2">tests.testPagesDemo2</td><td><a href="#m9">testLoginLink</a></td><td rowspan="1">1704450225025</td><td rowspan="1">551</td></tr><tr class="passedodd"><td><a href="#m10">testRegisterLink</a></td><td rowspan="1">1704450225577</td><td rowspan="1">484</td></tr></tbody>
</table>
<h2>tests</h2><h3 id="m0">tests.testPagesDemo2#testRegisterWithValidUsers</h3><table class="result"><tr><th>Messages</th></tr><tr><td><div class="messages">test fail -> testRegisterWithValidUsers<br/>Message : expected [true] but found [false]</div></td></tr><tr><th>Exception</th></tr><tr><td><div class="stacktrace">java.lang.AssertionError: expected [true] but found [false]
	at tests.testPagesDemo2.testRegisterWithValidUsers(testPagesDemo2.java:67)
	at java.base/java.util.ArrayList.forEach(ArrayList.java:1596)
... Removed 32 stack frames</div></td></tr></table><p class="totop"><a href="#summary">back to summary</a></p>
<h3 id="m1">tests.testPagesDemo2#testLoginWithValidUsers</h3><table class="result"><tr><th>Messages</th></tr><tr><td><div class="messages">test skipped -> testLoginWithValidUsers</div></td></tr><tr><th>Exception</th></tr><tr><td><div class="stacktrace">org.testng.SkipException: This method is Skipped
	at tests.testPagesDemo2.testLoginWithValidUsers(testPagesDemo2.java:60)
	at java.base/java.util.ArrayList.forEach(ArrayList.java:1596)
... Removed 28 stack frames</div></td></tr></table><p class="totop"><a href="#summary">back to summary</a></p>
<h3 id="m2">tests.testPagesDemo2#testRegisterWithValidUsers</h3><table class="result"><tr><th>Messages</th></tr><tr><td><div class="messages">test skipped -> testRegisterWithValidUsers</div></td></tr><tr><th>Exception</th></tr><tr><td><div class="stacktrace">java.lang.AssertionError: expected [true] but found [false]
	at tests.testPagesDemo2.testRegisterWithValidUsers(testPagesDemo2.java:67)
	at java.base/java.util.ArrayList.forEach(ArrayList.java:1596)
... Removed 32 stack frames</div></td></tr></table><p class="totop"><a href="#summary">back to summary</a></p>
<h3 id="m3">tests.testPagesDemo2#testRegisterWithValidUsers</h3><table class="result"><tr><th>Messages</th></tr><tr><td><div class="messages">test skipped -> testRegisterWithValidUsers</div></td></tr><tr><th>Exception</th></tr><tr><td><div class="stacktrace">java.lang.AssertionError: expected [true] but found [false]
	at tests.testPagesDemo2.testRegisterWithValidUsers(testPagesDemo2.java:67)
	at java.base/java.util.ArrayList.forEach(ArrayList.java:1596)
... Removed 32 stack frames</div></td></tr></table><p class="totop"><a href="#summary">back to summary</a></p>
<h3 id="m4">tests.testPagesDemo2#testRegisterWithValidUsers</h3><table class="result"><tr><th>Messages</th></tr><tr><td><div class="messages">test skipped -> testRegisterWithValidUsers</div></td></tr><tr><th>Exception</th></tr><tr><td><div class="stacktrace">java.lang.AssertionError: expected [true] but found [false]
	at tests.testPagesDemo2.testRegisterWithValidUsers(testPagesDemo2.java:67)
	at java.base/java.util.ArrayList.forEach(ArrayList.java:1596)
... Removed 32 stack frames</div></td></tr></table><p class="totop"><a href="#summary">back to summary</a></p>
<h3 id="m5">tests.testPagesDemo2#testRegisterWithValidUsers</h3><table class="result"><tr><th>Messages</th></tr><tr><td><div class="messages">test skipped -> testRegisterWithValidUsers</div></td></tr><tr><th>Exception</th></tr><tr><td><div class="stacktrace">java.lang.AssertionError: expected [true] but found [false]
	at tests.testPagesDemo2.testRegisterWithValidUsers(testPagesDemo2.java:67)
	at java.base/java.util.ArrayList.forEach(ArrayList.java:1596)
... Removed 32 stack frames</div></td></tr></table><p class="totop"><a href="#summary">back to summary</a></p>
<h3 id="m6">tests.testPagesDemo2#testRegisterWithValidUsers</h3><table class="result"><tr><th>Messages</th></tr><tr><td><div class="messages">test skipped -> testRegisterWithValidUsers</div></td></tr><tr><th>Exception</th></tr><tr><td><div class="stacktrace">java.lang.AssertionError: expected [true] but found [false]
	at tests.testPagesDemo2.testRegisterWithValidUsers(testPagesDemo2.java:67)
	at java.base/java.util.ArrayList.forEach(ArrayList.java:1596)
... Removed 32 stack frames</div></td></tr></table><p class="totop"><a href="#summary">back to summary</a></p>
<h3 id="m7">tests.ScrollDemo#navigateTest</h3><table class="result"><tr><th>Messages</th></tr><tr><td><div class="messages">test success -> navigateTest</div></td></tr></table><p class="totop"><a href="#summary">back to summary</a></p>
<h3 id="m8">tests.ScrollDemo#scrollDemo</h3><table class="result"><tr><th>Messages</th></tr><tr><td><div class="messages">test success -> scrollDemo</div></td></tr></table><p class="totop"><a href="#summary">back to summary</a></p>
<h3 id="m9">tests.testPagesDemo2#testLoginLink</h3><table class="result"><tr><th>Messages</th></tr><tr><td><div class="messages">test success -> testLoginLink</div></td></tr></table><p class="totop"><a href="#summary">back to summary</a></p>
<h3 id="m10">tests.testPagesDemo2#testRegisterLink</h3><table class="result"><tr><th>Messages</th></tr><tr><td><div class="messages">test success -> testRegisterLink</div></td></tr></table><p class="totop"><a href="#summary">back to summary</a></p>
</body>
</html>
