<?xml version="1.0" encoding="UTF-8"?>
<testsuite name="TestSuite" time="43.311" tests="11" errors="0" skipped="6" failures="1">
  <properties>
    <property name="jansi.mode" value="force"/>
    <property name="java.runtime.name" value="Java(TM) SE Runtime Environment"/>
    <property name="java.vm.version" value="21.0.1+12-LTS-29"/>
    <property name="sun.boot.library.path" value="C:\Program Files\Java\jdk-21\bin"/>
    <property name="maven.multiModuleProjectDirectory" value="C:\Users\sdalve\SeleniumWorkspace\MavenSeleniumProject"/>
    <property name="java.vm.vendor" value="Oracle Corporation"/>
    <property name="java.vendor.url" value="https://java.oracle.com/"/>
    <property name="guice.disable.misplaced.annotation.check" value="true"/>
    <property name="path.separator" value=";"/>
    <property name="java.vm.name" value="Java HotSpot(TM) 64-Bit Server VM"/>
    <property name="sun.os.patch.level" value=""/>
    <property name="user.script" value=""/>
    <property name="user.country" value="US"/>
    <property name="sun.java.launcher" value="SUN_STANDARD"/>
    <property name="java.vm.specification.name" value="Java Virtual Machine Specification"/>
    <property name="user.dir" value="C:\Users\sdalve\SeleniumWorkspace\MavenSeleniumProject"/>
    <property name="java.vm.compressedOopsMode" value="Zero based"/>
    <property name="java.runtime.version" value="21.0.1+12-LTS-29"/>
    <property name="os.arch" value="amd64"/>
    <property name="java.io.tmpdir" value="C:\Users\sdalve\AppData\Local\Temp\"/>
    <property name="line.separator" value="&#10;"/>
    <property name="java.vm.specification.vendor" value="Oracle Corporation"/>
    <property name="user.variant" value=""/>
    <property name="stderr.encoding" value="UTF-8"/>
    <property name="os.name" value="Windows 10"/>
    <property name="classworlds.conf" value="C:\Users\sdalve\SeleniumWorkspace\.metadata\.plugins\org.eclipse.m2e.launching\launches\m2conf14304481161598535216.tmp"/>
    <property name="sun.jnu.encoding" value="Cp1252"/>
    <property name="stdout.encoding" value="UTF-8"/>
    <property name="java.library.path" value="C:\Program Files\Java\jdk-21\bin;C:\WINDOWS\Sun\Java\bin;C:\WINDOWS\system32;C:\WINDOWS;C:/Program Files/Java/jdk-21/bin/server;C:/Program Files/Java/jdk-21/bin;C:\Program Files\Common Files\Oracle\Java\javapath;C:\Program Files (x86)\Common Files\Oracle\Java\javapath;C:\WINDOWS\system32;C:\WINDOWS;C:\WINDOWS\System32\Wbem;C:\WINDOWS\System32\WindowsPowerShell\v1.0\;C:\WINDOWS\System32\OpenSSH\;C:\Program Files\dotnet\;C:\Users\sdalve\AppData\Local\Microsoft\WindowsApps;C:\Users\sdalve\AppData\Local\Microsoft\WindowsApps;C:\Program Files\Java\jdk-21\bin;;C:\Users\sdalve\AppData\Local\Programs\Microsoft VS Code\bin;C:\WINDOWS\system32;;."/>
    <property name="jdk.debug" value="release"/>
    <property name="java.class.version" value="65.0"/>
    <property name="java.specification.name" value="Java Platform API Specification"/>
    <property name="sun.management.compiler" value="HotSpot 64-Bit Tiered Compilers"/>
    <property name="os.version" value="10.0"/>
    <property name="user.home" value="C:\Users\sdalve"/>
    <property name="user.timezone" value="Asia/Calcutta"/>
    <property name="file.encoding" value="UTF-8"/>
    <property name="java.specification.version" value="21"/>
    <property name="user.name" value="sdalve"/>
    <property name="java.class.path" value="C:\Users\sdalve\.p2\pool\plugins\org.eclipse.m2e.maven.runtime_3.9.400.20230826-0755\jars\plexus-classworlds-2.7.0.jar"/>
    <property name="java.vm.specification.version" value="21"/>
    <property name="sun.arch.data.model" value="64"/>
    <property name="sun.java.command" value="org.codehaus.plexus.classworlds.launcher.Launcher -B -Dstyle.color=always test"/>
    <property name="java.home" value="C:\Program Files\Java\jdk-21"/>
    <property name="user.language" value="en"/>
    <property name="java.specification.vendor" value="Oracle Corporation"/>
    <property name="java.vm.info" value="mixed mode, sharing"/>
    <property name="java.version" value="21.0.1"/>
    <property name="native.encoding" value="Cp1252"/>
    <property name="java.vendor" value="Oracle Corporation"/>
    <property name="maven.home" value="C:\Users\sdalve\SeleniumWorkspace\MavenSeleniumProject\EMBEDDED"/>
    <property name="style.color" value="always"/>
    <property name="file.separator" value="\"/>
    <property name="java.version.date" value="2023-10-17"/>
    <property name="java.vendor.url.bug" value="https://bugreport.java.com/bugreport/"/>
    <property name="sun.io.unicode.encoding" value="UnicodeLittle"/>
    <property name="sun.cpu.endian" value="little"/>
    <property name="m2e.build.project.data.socket.port" value="51405"/>
    <property name="sun.cpu.isalist" value="amd64"/>
  </properties>
  <testcase name="navigateTest" classname="tests.ScrollDemo" time="18.633"/>
  <testcase name="scrollDemo" classname="tests.ScrollDemo" time="23.645"/>
  <testcase name="testLoginLink" classname="tests.testPagesDemo2" time="0.55"/>
  <testcase name="testRegisterLink" classname="tests.testPagesDemo2" time="0.483"/>
  <testcase name="testRegisterWithValidUsers" classname="tests.testPagesDemo2" time="0">
    <skipped/>
    <system-out><![CDATA[15:53:46.061 [main] INFO  LoggingDemo.LogListener - test success ->testRegisterLink
15:53:46.063 [main] INFO  LoggingDemo.LogListener - test started ->testRegisterWithValidUsers
]]></system-out>
  </testcase>
  <testcase name="testRegisterWithValidUsers" classname="tests.testPagesDemo2" time="0">
    <skipped/>
    <system-out><![CDATA[15:53:46.073 [main] INFO  LoggingDemo.LogListener - test skipped ->testRegisterWithValidUsers
15:53:46.073 [main] INFO  LoggingDemo.LogListener - test started ->testRegisterWithValidUsers
]]></system-out>
  </testcase>
  <testcase name="testRegisterWithValidUsers" classname="tests.testPagesDemo2" time="0">
    <skipped/>
    <system-out><![CDATA[15:53:46.074 [main] INFO  LoggingDemo.LogListener - test skipped ->testRegisterWithValidUsers
15:53:46.075 [main] INFO  LoggingDemo.LogListener - test started ->testRegisterWithValidUsers
]]></system-out>
  </testcase>
  <testcase name="testRegisterWithValidUsers" classname="tests.testPagesDemo2" time="0">
    <skipped/>
    <system-out><![CDATA[15:53:46.075 [main] INFO  LoggingDemo.LogListener - test skipped ->testRegisterWithValidUsers
15:53:46.076 [main] INFO  LoggingDemo.LogListener - test started ->testRegisterWithValidUsers
]]></system-out>
  </testcase>
  <testcase name="testRegisterWithValidUsers" classname="tests.testPagesDemo2" time="0">
    <skipped/>
    <system-out><![CDATA[15:53:46.076 [main] INFO  LoggingDemo.LogListener - test skipped ->testRegisterWithValidUsers
15:53:46.077 [main] INFO  LoggingDemo.LogListener - test started ->testRegisterWithValidUsers
]]></system-out>
  </testcase>
  <testcase name="testRegisterWithValidUsers" classname="tests.testPagesDemo2" time="0.006">
    <failure message="expected [true] but found [false]" type="java.lang.AssertionError">java.lang.AssertionError: expected [true] but found [false]
	at org.testng.Assert.fail(Assert.java:111)
	at org.testng.Assert.failNotEquals(Assert.java:1578)
	at org.testng.Assert.assertTrue(Assert.java:57)
	at org.testng.Assert.assertTrue(Assert.java:67)
	at tests.testPagesDemo2.testRegisterWithValidUsers(testPagesDemo2.java:67)
</failure>
    <system-out><![CDATA[15:53:46.077 [main] INFO  LoggingDemo.LogListener - test skipped ->testRegisterWithValidUsers
15:53:46.078 [main] INFO  LoggingDemo.LogListener - test started ->testRegisterWithValidUsers
]]></system-out>
  </testcase>
  <testcase name="testLoginWithValidUsers" classname="tests.testPagesDemo2" time="0">
    <skipped/>
    <system-out><![CDATA[15:53:46.082 [main] INFO  LoggingDemo.LogListener - test failure ->testRegisterWithValidUsers
15:53:46.083 [main] INFO  LoggingDemo.LogListener - Message : expected [true] but found [false]
15:53:46.085 [main] INFO  LoggingDemo.LogListener - test started ->testLoginWithValidUsers
]]></system-out>
  </testcase>
</testsuite>